[debug] [2018-05-08T17:20:33.378Z] ----------------------------------------------------------------------
[debug] [2018-05-08T17:20:33.386Z] Command:       C:\Program Files\nodejs\node.exe C:\Users\javie\AppData\Roaming\npm\node_modules\firebase-tools\bin\firebase serve --only hosting
[debug] [2018-05-08T17:20:33.386Z] CLI Version:   3.18.4
[debug] [2018-05-08T17:20:33.388Z] Platform:      win32
[debug] [2018-05-08T17:20:33.388Z] Node Version:  v8.9.3
[debug] [2018-05-08T17:20:33.390Z] Time:          Tue May 08 2018 11:20:33 GMT-0600 (Central America Standard Time)
[debug] [2018-05-08T17:20:33.390Z] ----------------------------------------------------------------------
[debug] 
[debug] [2018-05-08T17:20:33.527Z] > command requires scopes: ["email","openid","https://www.googleapis.com/auth/cloudplatformprojects.readonly","https://www.googleapis.com/auth/firebase","https://www.googleapis.com/auth/cloud-platform"]
[debug] [2018-05-08T17:20:33.533Z] > authorizing via signed-in user
[debug] [2018-05-08T17:20:33.537Z] > refreshing access token with scopes: ["email","https://www.googleapis.com/auth/cloud-platform","https://www.googleapis.com/auth/cloudplatformprojects.readonly","https://www.googleapis.com/auth/firebase","openid"]
[debug] [2018-05-08T17:20:33.537Z] >>> HTTP REQUEST POST https://www.googleapis.com/oauth2/v3/token  
 { refresh_token: '1/9i0wZTin8EQowtQGOdE1OrD-7_vQcuMiXx13FelOTGo',
  client_id: '563584335869-fgrhgmd47bqnekij5i8b5pr03ho849e6.apps.googleusercontent.com',
  client_secret: 'j9iVZfS8kkCEFUPaAeJV0sAi',
  grant_type: 'refresh_token',
  scope: 'email https://www.googleapis.com/auth/cloud-platform https://www.googleapis.com/auth/cloudplatformprojects.readonly https://www.googleapis.com/auth/firebase openid' } 
 Tue May 08 2018 11:20:33 GMT-0600 (Central America Standard Time)
[debug] [2018-05-08T17:20:33.973Z] <<< HTTP RESPONSE 200
[debug] [2018-05-08T17:20:33.988Z] >>> HTTP REQUEST GET https://admin.firebase.com/v1/projects/ioextendedgt18  
  
 Tue May 08 2018 11:20:33 GMT-0600 (Central America Standard Time)
[debug] [2018-05-08T17:20:34.771Z] <<< HTTP RESPONSE 200
[debug] [2018-05-08T17:20:34.772Z] >>> HTTP REQUEST GET https://admin.firebase.com/v1/database/ioextendedgt18/tokens  
  
 Tue May 08 2018 11:20:34 GMT-0600 (Central America Standard Time)
[debug] [2018-05-08T17:20:35.293Z] <<< HTTP RESPONSE 200
[debug] [2018-05-08T17:20:35.294Z] >>> HTTP REQUEST GET https://cloudresourcemanager.googleapis.com/v1/projects/ioextendedgt18  
  
 Tue May 08 2018 11:20:35 GMT-0600 (Central America Standard Time)
[debug] [2018-05-08T17:20:35.756Z] <<< HTTP RESPONSE 200
[info] 
[info] === Serving from 'D:\Documentos\DevsLabGT\IOExtended2018\web'...
[info] 
[debug] [2018-05-08T17:20:35.763Z] >>> HTTP REQUEST GET https://mobilesdk-pa.googleapis.com/v1/projects/685656696459/clients/_:getWebAppConfig  
  
 Tue May 08 2018 11:20:35 GMT-0600 (Central America Standard Time)
[debug] [2018-05-08T17:20:36.371Z] <<< HTTP RESPONSE 200
[info] i  hosting: Serving hosting files from: web
[info] +  hosting: Local server: http://localhost:5000

[debug] [2018-05-08T17:25:35.724Z] ----------------------------------------------------------------------
[debug] [2018-05-08T17:25:35.726Z] Command:       C:\Program Files\nodejs\node.exe C:\Users\javie\AppData\Roaming\npm\node_modules\firebase-tools\bin\firebase deploy --only hosting
[debug] [2018-05-08T17:25:35.726Z] CLI Version:   3.18.4
[debug] [2018-05-08T17:25:35.727Z] Platform:      win32
[debug] [2018-05-08T17:25:35.727Z] Node Version:  v8.9.3
[debug] [2018-05-08T17:25:35.727Z] Time:          Tue May 08 2018 11:25:35 GMT-0600 (Central America Standard Time)
[debug] [2018-05-08T17:25:35.727Z] ----------------------------------------------------------------------
[debug] 
[debug] [2018-05-08T17:25:35.741Z] > command requires scopes: ["email","openid","https://www.googleapis.com/auth/cloudplatformprojects.readonly","https://www.googleapis.com/auth/firebase","https://www.googleapis.com/auth/cloud-platform"]
[debug] [2018-05-08T17:25:35.742Z] > authorizing via signed-in user
[debug] [2018-05-08T17:25:35.745Z] >>> HTTP REQUEST GET https://admin.firebase.com/v1/projects/ioextendedgt18  
  
 Tue May 08 2018 11:25:35 GMT-0600 (Central America Standard Time)
[debug] [2018-05-08T17:25:36.487Z] <<< HTTP RESPONSE 200
[debug] [2018-05-08T17:25:36.489Z] >>> HTTP REQUEST GET https://admin.firebase.com/v1/database/ioextendedgt18/tokens  
  
 Tue May 08 2018 11:25:36 GMT-0600 (Central America Standard Time)
[debug] [2018-05-08T17:25:37.021Z] <<< HTTP RESPONSE 200
[debug] [2018-05-08T17:26:57.635Z] TypeError: Cannot read property 'wanted' of undefined
    at C:\Users\javie\AppData\Roaming\npm\node_modules\firebase-tools\lib\checkFirebaseSDKVersion.js:43:47
    at <anonymous>
    at process._tickDomainCallback (internal/process/next_tick.js:228:7)
[error] 
[error] Error: An unexpected error has occurred.
